2025-07-28 13:22:28.004 INFO: MACE version: 0.3.5
2025-07-28 13:22:28.005 INFO: Configuration: Namespace(config=None, name='rmd17-Aspirin', seed=123, log_dir='logs', model_dir='.', checkpoints_dir='checkpoints', results_dir='results', downloads_dir='downloads', device='cuda', default_dtype='float64', distributed=False, log_level='INFO', error_table='TotalMAE', model='MACE', r_max=5.0, radial_type='bessel', num_radial_basis=8, num_cutoff_basis=5, pair_repulsion=False, distance_transform='None', interaction='RealAgnosticResidualInteractionBlock', interaction_first='RealAgnosticResidualInteractionBlock', max_ell=3, correlation=3, num_interactions=2, MLP_irreps='16x0e', radial_MLP='[64, 64, 64]', hidden_irreps='128x0e + 128x1o', num_channels=128, max_L=1, gate='silu', scaling='rms_forces_scaling', avg_num_neighbors=1, compute_avg_num_neighbors=True, compute_stress=False, compute_forces=True, train_file='repro_data/dataset/dataset_rmd17/revised_aspirin/train.xyz', valid_file=None, valid_fraction=0.5, test_file='repro_data/dataset/dataset_rmd17/revised_aspirin/test.xyz', test_dir=None, multi_processed_test=False, num_workers=0, pin_memory=True, atomic_numbers=None, mean=None, std=None, statistics_file=None, E0s='average', keep_isolated_atoms=False, energy_key='REF_energy', forces_key='REF_forces', virials_key='virials', stress_key='stress', dipole_key='dipole', charges_key='charges', loss='ef', forces_weight=1000.0, swa_forces_weight=100.0, energy_weight=1.0, swa_energy_weight=1000.0, virials_weight=1.0, swa_virials_weight=10.0, stress_weight=1.0, swa_stress_weight=10.0, dipole_weight=1.0, swa_dipole_weight=1.0, config_type_weights='{"Default":1.0}', huber_delta=0.01, optimizer='adam', beta=0.9, batch_size=5, valid_batch_size=5, lr=0.005, swa_lr=0.001, weight_decay=1e-08, amsgrad=True, scheduler='ReduceLROnPlateau', lr_factor=0.8, scheduler_patience=5, lr_scheduler_gamma=0.9993, swa=True, start_swa=400, ema=True, ema_decay=0.995, max_num_epochs=500, patience=2048, foundation_model='repro_data/foundation_model/MACE-OFF23_medium.model', foundation_model_readout=True, eval_interval=2, keep_checkpoints=False, save_all_checkpoints=False, restart_latest=False, save_cpu=True, clip_grad=100.0, wandb=False, wandb_dir=None, wandb_project='', wandb_entity='', wandb_name='', wandb_log_hypers=['num_channels', 'max_L', 'correlation', 'lr', 'swa_lr', 'weight_decay', 'batch_size', 'max_num_epochs', 'start_swa', 'energy_weight', 'forces_weight'], mmea_init=None, mmea_std=0.001)
2025-07-28 13:22:28.118 INFO: CUDA version: 12.1, CUDA device: 0
2025-07-28 13:22:28.164 INFO: Current Git commit: f4cf57c2f5c72e0e2b3a87c60b1e1c1422d6150b
2025-07-28 13:22:28.452 INFO: Using foundation model repro_data/foundation_model/MACE-OFF23_medium.model as initial checkpoint.
2025-07-28 13:22:28.504 INFO: Since ASE version 3.23.0b1, using stress_key 'stress' is no longer safe when communicating between MACE and ASE. We recommend using a different key, rewriting energies to 'REF_stress'. You need to use --stress_key='REF_stress', to tell the key name chosen.
2025-07-28 13:22:28.508 INFO: Loaded 100 training configurations from 'repro_data/dataset/dataset_rmd17/revised_aspirin/train.xyz'
2025-07-28 13:22:28.508 INFO: Using random 50.0% of training set for validation
2025-07-28 13:22:28.794 INFO: Since ASE version 3.23.0b1, using stress_key 'stress' is no longer safe when communicating between MACE and ASE. We recommend using a different key, rewriting energies to 'REF_stress'. You need to use --stress_key='REF_stress', to tell the key name chosen.
2025-07-28 13:22:28.817 INFO: Loaded 1000 test configurations from 'repro_data/dataset/dataset_rmd17/revised_aspirin/test.xyz'
2025-07-28 13:22:28.817 INFO: Total number of configurations: train=50, valid=50, tests=[Default: 1000]
2025-07-28 13:22:28.818 INFO: AtomicNumberTable: (1, 6, 8)
2025-07-28 13:22:28.818 INFO: Atomic Energies not in training file, using command line argument E0s
2025-07-28 13:22:28.818 INFO: Computing average Atomic Energies using least squares regression
2025-07-28 13:22:28.819 INFO: Atomic energies: [-875.4152837800568, -984.8421942525647, -437.7076418900285]
2025-07-28 13:22:28.908 INFO: EnergyForcesLoss(energy_weight=1.000, forces_weight=1000.000)
2025-07-28 13:22:28.928 INFO: Average number of neighbors: 14.337142857142856
2025-07-28 13:22:28.928 INFO: Selected the following outputs: {'energy': True, 'forces': True, 'virials': False, 'stress': False, 'dipoles': False}
2025-07-28 13:22:28.955 INFO: Building model
2025-07-28 13:22:31.667 INFO: Number of trainable parameters: 151354
2025-07-28 13:22:31.668 INFO: Using stochastic weight averaging (after 400 epochs) with energy weight : 1000.0, forces weight : 100.0 and learning rate : 0.001
2025-07-28 13:22:31.988 INFO: ScaleShiftMACE(
  (node_embedding): LinearNodeEmbeddingBlock(
    (linear): Linear(3x0e -> 128x0e | 384 weights | adapter)
  )
  (radial_embedding): RadialEmbeddingBlock(
    (bessel_fn): BesselBasis(r_max=5.0, num_basis=8, trainable=True)
    (cutoff_fn): PolynomialCutoff(p=5.0, r_max=5.0)
  )
  (spherical_harmonics): SphericalHarmonics()
  (atomic_energies_fn): AtomicEnergiesBlock(energies=[-875.4153, -984.8422, -437.7076])
  (interactions): ModuleList(
    (0): RealAgnosticInteractionBlock(
      (linear_up): Linear(128x0e -> 128x0e | 16384 weights | adapter)
      (conv_tp): TensorProduct(128x0e x 1x0e+1x1o+1x2e+1x3o -> 128x0e+128x1o+128x2e+128x3o | 512 paths | 512 weights | 0 ELoRA_weights)
      (conv_tp_weights): FullyConnectedNet[8, 64, 64, 64, 512]
      (linear): Linear(128x0e+128x1o+128x2e+128x3o -> 128x0e+128x1o+128x2e+128x3o | 65536 weights | adapter)
      (skip_tp): FullyConnectedTensorProduct(128x0e+128x1o+128x2e+128x3o x 3x0e -> 128x0e+128x1o+128x2e+128x3o | 196608 paths | 196608 weights | 32768 ELoRA_weights)
      (reshape): reshape_irreps()
    )
    (1): RealAgnosticResidualInteractionBlock(
      (linear_up): Linear(128x0e+128x1o -> 128x0e+128x1o | 32768 weights | adapter)
      (conv_tp): TensorProduct(128x0e+128x1o x 1x0e+1x1o+1x2e+1x3o -> 256x0e+384x1o+384x2e+256x3o | 1280 paths | 1280 weights | 0 ELoRA_weights)
      (conv_tp_weights): FullyConnectedNet[8, 64, 64, 64, 1280]
      (linear): Linear(256x0e+384x1o+384x2e+256x3o -> 128x0e+128x1o+128x2e+128x3o | 163840 weights | adapter)
      (skip_tp): FullyConnectedTensorProduct(128x0e+128x1o x 3x0e -> 128x0e | 49152 paths | 49152 weights | 8192 ELoRA_weights)
      (reshape): reshape_irreps()
    )
  )
  (products): ModuleList(
    (0): EquivariantProductBasisBlock(
      (symmetric_contractions): SymmetricContraction(
        (contractions): ModuleList(
          (0): Contraction(
            (contractions_weighting): ModuleList(
              (0-1): 2 x GraphModule()
            )
            (contractions_features): ModuleList(
              (0-1): 2 x GraphModule()
            )
            (weights): ParameterList(
                (0): Parameter containing: [torch.float64 of size 3x4x128 (cuda:0)]
                (1): Parameter containing: [torch.float64 of size 3x1x128 (cuda:0)]
            )
            (graph_opt_main): GraphModule()
            (LoRA_weight): ParameterList(
                (0): Parameter containing: [torch.float64 of size 3x23x16 (cuda:0)]
                (1): Parameter containing: [torch.float64 of size 16x128 (cuda:0)]
            )
          )
          (1): Contraction(
            (contractions_weighting): ModuleList(
              (0-1): 2 x GraphModule()
            )
            (contractions_features): ModuleList(
              (0-1): 2 x GraphModule()
            )
            (weights): ParameterList(
                (0): Parameter containing: [torch.float64 of size 3x6x128 (cuda:0)]
                (1): Parameter containing: [torch.float64 of size 3x1x128 (cuda:0)]
            )
            (graph_opt_main): GraphModule()
            (LoRA_weight): ParameterList(
                (0): Parameter containing: [torch.float64 of size 3x51x16 (cuda:0)]
                (1): Parameter containing: [torch.float64 of size 16x128 (cuda:0)]
            )
          )
        )
      )
      (linear): Linear(128x0e+128x1o -> 128x0e+128x1o | 32768 weights | adapter)
    )
    (1): EquivariantProductBasisBlock(
      (symmetric_contractions): SymmetricContraction(
        (contractions): ModuleList(
          (0): Contraction(
            (contractions_weighting): ModuleList(
              (0-1): 2 x GraphModule()
            )
            (contractions_features): ModuleList(
              (0-1): 2 x GraphModule()
            )
            (weights): ParameterList(
                (0): Parameter containing: [torch.float64 of size 3x4x128 (cuda:0)]
                (1): Parameter containing: [torch.float64 of size 3x1x128 (cuda:0)]
            )
            (graph_opt_main): GraphModule()
            (LoRA_weight): ParameterList(
                (0): Parameter containing: [torch.float64 of size 3x23x16 (cuda:0)]
                (1): Parameter containing: [torch.float64 of size 16x128 (cuda:0)]
            )
          )
        )
      )
      (linear): Linear(128x0e -> 128x0e | 16384 weights | adapter)
    )
  )
  (readouts): ModuleList(
    (0): LinearReadoutBlock(
      (linear): Linear(128x0e+128x1o -> 1x0e | 128 weights | adapter)
    )
    (1): NonLinearReadoutBlock(
      (linear_1): Linear(128x0e -> 16x0e | 2048 weights | adapter)
      (non_linearity): Activation [x] (16x0e -> 16x0e)
      (linear_2): Linear(16x0e -> 1x0e | 16 weights | adapter)
    )
  )
  (scale_shift): ScaleShiftBlock(scale=1.088502, shift=0.000000)
)
2025-07-28 13:22:31.992 INFO: Number of parameters: 896714
2025-07-28 13:22:31.992 INFO: Optimizer: Adam (
Parameter Group 0
    amsgrad: True
    betas: (0.9, 0.999)
    capturable: False
    differentiable: False
    eps: 1e-08
    foreach: None
    fused: None
    initial_lr: 0.005
    lr: 0.005
    maximize: False
    name: embedding
    swa_lr: 0.001
    weight_decay: 0.0

Parameter Group 1
    amsgrad: True
    betas: (0.9, 0.999)
    capturable: False
    differentiable: False
    eps: 1e-08
    foreach: None
    fused: None
    initial_lr: 0.005
    lr: 0.005
    maximize: False
    name: interactions_decay
    swa_lr: 0.001
    weight_decay: 1e-08

Parameter Group 2
    amsgrad: True
    betas: (0.9, 0.999)
    capturable: False
    differentiable: False
    eps: 1e-08
    foreach: None
    fused: None
    initial_lr: 0.005
    lr: 0.005
    maximize: False
    name: interactions_no_decay
    swa_lr: 0.001
    weight_decay: 0.0

Parameter Group 3
    amsgrad: True
    betas: (0.9, 0.999)
    capturable: False
    differentiable: False
    eps: 1e-08
    foreach: None
    fused: None
    initial_lr: 0.005
    lr: 0.005
    maximize: False
    name: products
    swa_lr: 0.001
    weight_decay: 1e-08

Parameter Group 4
    amsgrad: True
    betas: (0.9, 0.999)
    capturable: False
    differentiable: False
    eps: 1e-08
    foreach: None
    fused: None
    initial_lr: 0.005
    lr: 0.005
    maximize: False
    name: readouts
    swa_lr: 0.001
    weight_decay: 0.0
)
2025-07-28 13:22:31.992 INFO: Using gradient clipping with tolerance=100.000
2025-07-28 13:22:31.992 INFO: Started training
2025-07-28 13:22:39.164 INFO: Epoch None: loss=10007.4198, MAE_E=97568.6412 meV, MAE_F=491.3407 meV / A
2025-07-28 13:22:49.845 INFO: Epoch 0: loss=358.8172, MAE_E=5065.7304 meV, MAE_F=413.5433 meV / A
2025-07-28 13:22:52.794 INFO: Epoch 2: loss=15.3081, MAE_E=445.2290 meV, MAE_F=92.0520 meV / A
2025-07-28 13:22:55.653 INFO: Epoch 4: loss=4.8065, MAE_E=30.1980 meV, MAE_F=51.4166 meV / A
2025-07-28 13:22:58.495 INFO: Epoch 6: loss=3.0061, MAE_E=41.5165 meV, MAE_F=39.9354 meV / A
2025-07-28 13:23:01.357 INFO: Epoch 8: loss=2.4115, MAE_E=224.2808 meV, MAE_F=35.2965 meV / A
2025-07-28 13:23:04.156 INFO: Epoch 10: loss=1.9082, MAE_E=78.4813 meV, MAE_F=31.4649 meV / A
2025-07-28 13:23:07.013 INFO: Epoch 12: loss=1.5973, MAE_E=26.8813 meV, MAE_F=29.0716 meV / A
2025-07-28 13:23:09.833 INFO: Epoch 14: loss=1.4470, MAE_E=40.3405 meV, MAE_F=27.6827 meV / A
2025-07-28 13:23:12.699 INFO: Epoch 16: loss=1.2571, MAE_E=25.9732 meV, MAE_F=25.7804 meV / A
2025-07-28 13:23:15.526 INFO: Epoch 18: loss=1.1379, MAE_E=42.6170 meV, MAE_F=24.4253 meV / A
2025-07-28 13:23:18.337 INFO: Epoch 20: loss=1.0518, MAE_E=28.7780 meV, MAE_F=23.4248 meV / A
2025-07-28 13:23:21.164 INFO: Epoch 22: loss=1.0081, MAE_E=26.9943 meV, MAE_F=22.9701 meV / A
2025-07-28 13:23:23.986 INFO: Epoch 24: loss=0.9989, MAE_E=48.2076 meV, MAE_F=22.7997 meV / A
2025-07-28 13:23:26.840 INFO: Epoch 26: loss=0.9494, MAE_E=58.9904 meV, MAE_F=22.1632 meV / A
2025-07-28 13:23:29.681 INFO: Epoch 28: loss=0.9130, MAE_E=31.6098 meV, MAE_F=21.7487 meV / A
2025-07-28 13:23:32.489 INFO: Epoch 30: loss=0.8940, MAE_E=51.6720 meV, MAE_F=21.4148 meV / A
2025-07-28 13:23:35.290 INFO: Epoch 32: loss=0.8761, MAE_E=50.1919 meV, MAE_F=21.2447 meV / A
2025-07-28 13:23:38.141 INFO: Epoch 34: loss=0.8366, MAE_E=44.4925 meV, MAE_F=20.7965 meV / A
2025-07-28 13:23:41.180 INFO: Epoch 36: loss=0.8130, MAE_E=35.8936 meV, MAE_F=20.4458 meV / A
2025-07-28 13:23:44.000 INFO: Epoch 38: loss=0.7760, MAE_E=43.0510 meV, MAE_F=19.9756 meV / A
2025-07-28 13:23:46.842 INFO: Epoch 40: loss=0.7580, MAE_E=31.1041 meV, MAE_F=19.8150 meV / A
2025-07-28 13:23:49.686 INFO: Epoch 42: loss=0.7422, MAE_E=31.0974 meV, MAE_F=19.6877 meV / A
2025-07-28 13:23:52.504 INFO: Epoch 44: loss=0.7162, MAE_E=28.6428 meV, MAE_F=19.3330 meV / A
2025-07-28 13:23:55.316 INFO: Epoch 46: loss=0.7063, MAE_E=25.1524 meV, MAE_F=19.2165 meV / A
2025-07-28 13:23:58.137 INFO: Epoch 48: loss=0.6906, MAE_E=19.3972 meV, MAE_F=18.9639 meV / A
2025-07-28 13:24:00.946 INFO: Epoch 50: loss=0.6875, MAE_E=26.4902 meV, MAE_F=18.9505 meV / A
2025-07-28 13:24:03.804 INFO: Epoch 52: loss=0.6736, MAE_E=28.7804 meV, MAE_F=18.7794 meV / A
2025-07-28 13:24:06.614 INFO: Epoch 54: loss=0.6637, MAE_E=24.2760 meV, MAE_F=18.6250 meV / A
2025-07-28 13:24:09.436 INFO: Epoch 56: loss=0.6591, MAE_E=33.8704 meV, MAE_F=18.5749 meV / A
2025-07-28 13:24:12.264 INFO: Epoch 58: loss=0.6492, MAE_E=33.9284 meV, MAE_F=18.4190 meV / A
2025-07-28 13:24:15.079 INFO: Epoch 60: loss=0.6359, MAE_E=33.9941 meV, MAE_F=18.2197 meV / A
2025-07-28 13:24:17.893 INFO: Epoch 62: loss=0.6386, MAE_E=29.7880 meV, MAE_F=18.2089 meV / A
2025-07-28 13:24:20.655 INFO: Epoch 64: loss=0.6341, MAE_E=37.2676 meV, MAE_F=18.1354 meV / A
2025-07-28 13:24:23.484 INFO: Epoch 66: loss=0.6304, MAE_E=22.3283 meV, MAE_F=18.0966 meV / A
2025-07-28 13:24:26.299 INFO: Epoch 68: loss=0.6262, MAE_E=28.9575 meV, MAE_F=18.0804 meV / A
2025-07-28 13:24:29.131 INFO: Epoch 70: loss=0.6226, MAE_E=25.8755 meV, MAE_F=18.0186 meV / A
2025-07-28 13:24:31.948 INFO: Epoch 72: loss=0.6185, MAE_E=29.8519 meV, MAE_F=17.9437 meV / A
2025-07-28 13:24:34.758 INFO: Epoch 74: loss=0.6117, MAE_E=29.5903 meV, MAE_F=17.8394 meV / A
2025-07-28 13:24:37.580 INFO: Epoch 76: loss=0.6181, MAE_E=27.0660 meV, MAE_F=17.9204 meV / A
2025-07-28 13:24:40.356 INFO: Epoch 78: loss=0.6179, MAE_E=27.5197 meV, MAE_F=17.9170 meV / A
2025-07-28 13:24:43.116 INFO: Epoch 80: loss=0.6120, MAE_E=28.4011 meV, MAE_F=17.8345 meV / A
2025-07-28 13:24:45.880 INFO: Epoch 82: loss=0.6128, MAE_E=27.8202 meV, MAE_F=17.8225 meV / A
2025-07-28 13:24:48.656 INFO: Epoch 84: loss=0.6156, MAE_E=28.9888 meV, MAE_F=17.8515 meV / A
2025-07-28 13:24:51.419 INFO: Epoch 86: loss=0.6109, MAE_E=29.0320 meV, MAE_F=17.7915 meV / A
2025-07-28 13:24:54.238 INFO: Epoch 88: loss=0.6065, MAE_E=25.2273 meV, MAE_F=17.7177 meV / A
2025-07-28 13:24:57.042 INFO: Epoch 90: loss=0.6024, MAE_E=26.0246 meV, MAE_F=17.6579 meV / A
2025-07-28 13:24:59.832 INFO: Epoch 92: loss=0.5952, MAE_E=21.1275 meV, MAE_F=17.5628 meV / A
2025-07-28 13:25:02.658 INFO: Epoch 94: loss=0.5871, MAE_E=20.2269 meV, MAE_F=17.4629 meV / A
2025-07-28 13:25:05.482 INFO: Epoch 96: loss=0.5843, MAE_E=19.3454 meV, MAE_F=17.4184 meV / A
2025-07-28 13:25:08.316 INFO: Epoch 98: loss=0.5835, MAE_E=20.5381 meV, MAE_F=17.3912 meV / A
2025-07-28 13:25:11.159 INFO: Epoch 100: loss=0.5801, MAE_E=19.4294 meV, MAE_F=17.3461 meV / A
2025-07-28 13:25:14.011 INFO: Epoch 102: loss=0.5767, MAE_E=17.0767 meV, MAE_F=17.2870 meV / A
2025-07-28 13:25:16.829 INFO: Epoch 104: loss=0.5742, MAE_E=16.4669 meV, MAE_F=17.2443 meV / A
2025-07-28 13:25:19.649 INFO: Epoch 106: loss=0.5723, MAE_E=14.2880 meV, MAE_F=17.2204 meV / A
2025-07-28 13:25:22.470 INFO: Epoch 108: loss=0.5710, MAE_E=13.8522 meV, MAE_F=17.1869 meV / A
2025-07-28 13:25:25.291 INFO: Epoch 110: loss=0.5687, MAE_E=13.3476 meV, MAE_F=17.1470 meV / A
2025-07-28 13:25:28.109 INFO: Epoch 112: loss=0.5663, MAE_E=12.0628 meV, MAE_F=17.0997 meV / A
2025-07-28 13:25:30.935 INFO: Epoch 114: loss=0.5652, MAE_E=11.7366 meV, MAE_F=17.0724 meV / A
2025-07-28 13:25:33.773 INFO: Epoch 116: loss=0.5646, MAE_E=11.0807 meV, MAE_F=17.0556 meV / A
2025-07-28 13:25:36.598 INFO: Epoch 118: loss=0.5640, MAE_E=10.4468 meV, MAE_F=17.0365 meV / A
2025-07-28 13:25:39.424 INFO: Epoch 120: loss=0.5628, MAE_E=10.3213 meV, MAE_F=17.0065 meV / A
2025-07-28 13:25:42.244 INFO: Epoch 122: loss=0.5617, MAE_E=10.0562 meV, MAE_F=16.9869 meV / A
2025-07-28 13:25:45.051 INFO: Epoch 124: loss=0.5600, MAE_E=9.9012 meV, MAE_F=16.9554 meV / A
2025-07-28 13:25:47.856 INFO: Epoch 126: loss=0.5589, MAE_E=9.6764 meV, MAE_F=16.9293 meV / A
2025-07-28 13:25:50.684 INFO: Epoch 128: loss=0.5587, MAE_E=9.0581 meV, MAE_F=16.9112 meV / A
2025-07-28 13:25:53.487 INFO: Epoch 130: loss=0.5579, MAE_E=9.4660 meV, MAE_F=16.8910 meV / A
2025-07-28 13:25:56.353 INFO: Epoch 132: loss=0.5564, MAE_E=8.9881 meV, MAE_F=16.8662 meV / A
2025-07-28 13:25:59.189 INFO: Epoch 134: loss=0.5569, MAE_E=9.2349 meV, MAE_F=16.8588 meV / A
2025-07-28 13:26:01.969 INFO: Epoch 136: loss=0.5561, MAE_E=8.8726 meV, MAE_F=16.8347 meV / A
2025-07-28 13:26:04.786 INFO: Epoch 138: loss=0.5549, MAE_E=8.7868 meV, MAE_F=16.8137 meV / A
2025-07-28 13:26:07.602 INFO: Epoch 140: loss=0.5554, MAE_E=8.7407 meV, MAE_F=16.8144 meV / A
2025-07-28 13:26:10.377 INFO: Epoch 142: loss=0.5547, MAE_E=8.5784 meV, MAE_F=16.7975 meV / A
2025-07-28 13:26:13.220 INFO: Epoch 144: loss=0.5537, MAE_E=8.5615 meV, MAE_F=16.7729 meV / A
2025-07-28 13:26:15.989 INFO: Epoch 146: loss=0.5535, MAE_E=8.4495 meV, MAE_F=16.7622 meV / A
2025-07-28 13:26:18.822 INFO: Epoch 148: loss=0.5538, MAE_E=8.5051 meV, MAE_F=16.7591 meV / A
2025-07-28 13:26:21.584 INFO: Epoch 150: loss=0.5531, MAE_E=8.5772 meV, MAE_F=16.7422 meV / A
2025-07-28 13:26:24.394 INFO: Epoch 152: loss=0.5522, MAE_E=8.3544 meV, MAE_F=16.7134 meV / A
2025-07-28 13:26:27.204 INFO: Epoch 154: loss=0.5526, MAE_E=8.4356 meV, MAE_F=16.7096 meV / A
2025-07-28 13:26:29.991 INFO: Epoch 156: loss=0.5519, MAE_E=8.3301 meV, MAE_F=16.6956 meV / A
2025-07-28 13:26:32.805 INFO: Epoch 158: loss=0.5509, MAE_E=8.2197 meV, MAE_F=16.6786 meV / A
2025-07-28 13:26:35.616 INFO: Epoch 160: loss=0.5504, MAE_E=8.1735 meV, MAE_F=16.6644 meV / A
2025-07-28 13:26:38.449 INFO: Epoch 162: loss=0.5505, MAE_E=8.2219 meV, MAE_F=16.6607 meV / A
2025-07-28 13:26:41.228 INFO: Epoch 164: loss=0.5504, MAE_E=8.3268 meV, MAE_F=16.6587 meV / A
2025-07-28 13:26:43.996 INFO: Epoch 166: loss=0.5506, MAE_E=8.2367 meV, MAE_F=16.6583 meV / A
2025-07-28 13:26:46.770 INFO: Epoch 168: loss=0.5505, MAE_E=8.2276 meV, MAE_F=16.6581 meV / A
2025-07-28 13:26:49.559 INFO: Epoch 170: loss=0.5507, MAE_E=8.0677 meV, MAE_F=16.6539 meV / A
2025-07-28 13:26:52.330 INFO: Epoch 172: loss=0.5500, MAE_E=8.1394 meV, MAE_F=16.6417 meV / A
2025-07-28 13:26:55.145 INFO: Epoch 174: loss=0.5502, MAE_E=8.0599 meV, MAE_F=16.6434 meV / A
2025-07-28 13:26:57.905 INFO: Epoch 176: loss=0.5502, MAE_E=8.0404 meV, MAE_F=16.6382 meV / A
2025-07-28 13:27:00.687 INFO: Epoch 178: loss=0.5495, MAE_E=8.0429 meV, MAE_F=16.6267 meV / A
2025-07-28 13:27:03.503 INFO: Epoch 180: loss=0.5487, MAE_E=7.9774 meV, MAE_F=16.6111 meV / A
2025-07-28 13:27:06.315 INFO: Epoch 182: loss=0.5481, MAE_E=7.9339 meV, MAE_F=16.5976 meV / A
2025-07-28 13:27:09.095 INFO: Epoch 184: loss=0.5478, MAE_E=7.9797 meV, MAE_F=16.5896 meV / A
2025-07-28 13:27:11.927 INFO: Epoch 186: loss=0.5472, MAE_E=7.9036 meV, MAE_F=16.5812 meV / A
2025-07-28 13:27:14.746 INFO: Epoch 188: loss=0.5468, MAE_E=7.8666 meV, MAE_F=16.5720 meV / A
2025-07-28 13:27:17.556 INFO: Epoch 190: loss=0.5464, MAE_E=7.8601 meV, MAE_F=16.5608 meV / A
2025-07-28 13:27:20.368 INFO: Epoch 192: loss=0.5458, MAE_E=7.7673 meV, MAE_F=16.5502 meV / A
2025-07-28 13:27:23.190 INFO: Epoch 194: loss=0.5455, MAE_E=7.7703 meV, MAE_F=16.5440 meV / A
2025-07-28 13:27:26.013 INFO: Epoch 196: loss=0.5452, MAE_E=7.7524 meV, MAE_F=16.5357 meV / A
2025-07-28 13:27:28.820 INFO: Epoch 198: loss=0.5448, MAE_E=7.6942 meV, MAE_F=16.5262 meV / A
2025-07-28 13:27:31.640 INFO: Epoch 200: loss=0.5446, MAE_E=7.6533 meV, MAE_F=16.5205 meV / A
2025-07-28 13:27:34.442 INFO: Epoch 202: loss=0.5442, MAE_E=7.6193 meV, MAE_F=16.5127 meV / A
2025-07-28 13:27:37.254 INFO: Epoch 204: loss=0.5441, MAE_E=7.6121 meV, MAE_F=16.5090 meV / A
2025-07-28 13:27:40.055 INFO: Epoch 206: loss=0.5440, MAE_E=7.5837 meV, MAE_F=16.5053 meV / A
2025-07-28 13:27:42.860 INFO: Epoch 208: loss=0.5440, MAE_E=7.5630 meV, MAE_F=16.5005 meV / A
2025-07-28 13:27:45.663 INFO: Epoch 210: loss=0.5440, MAE_E=7.5440 meV, MAE_F=16.4981 meV / A
2025-07-28 13:27:48.423 INFO: Epoch 212: loss=0.5438, MAE_E=7.5163 meV, MAE_F=16.4929 meV / A
2025-07-28 13:27:51.219 INFO: Epoch 214: loss=0.5436, MAE_E=7.4926 meV, MAE_F=16.4884 meV / A
2025-07-28 13:27:54.052 INFO: Epoch 216: loss=0.5432, MAE_E=7.4879 meV, MAE_F=16.4793 meV / A
2025-07-28 13:27:56.855 INFO: Epoch 218: loss=0.5430, MAE_E=7.4565 meV, MAE_F=16.4728 meV / A
2025-07-28 13:27:59.660 INFO: Epoch 220: loss=0.5428, MAE_E=7.4552 meV, MAE_F=16.4690 meV / A
2025-07-28 13:28:02.500 INFO: Epoch 222: loss=0.5428, MAE_E=7.3960 meV, MAE_F=16.4651 meV / A
2025-07-28 13:28:05.314 INFO: Epoch 224: loss=0.5427, MAE_E=7.3776 meV, MAE_F=16.4611 meV / A
2025-07-28 13:28:08.143 INFO: Epoch 226: loss=0.5426, MAE_E=7.3601 meV, MAE_F=16.4570 meV / A
2025-07-28 13:28:10.969 INFO: Epoch 228: loss=0.5426, MAE_E=7.3696 meV, MAE_F=16.4510 meV / A
2025-07-28 13:28:13.788 INFO: Epoch 230: loss=0.5426, MAE_E=7.3371 meV, MAE_F=16.4491 meV / A
2025-07-28 13:28:16.560 INFO: Epoch 232: loss=0.5424, MAE_E=7.3079 meV, MAE_F=16.4444 meV / A
2025-07-28 13:28:19.390 INFO: Epoch 234: loss=0.5422, MAE_E=7.3059 meV, MAE_F=16.4408 meV / A
2025-07-28 13:28:22.215 INFO: Epoch 236: loss=0.5427, MAE_E=7.2621 meV, MAE_F=16.4450 meV / A
2025-07-28 13:28:25.001 INFO: Epoch 238: loss=0.5430, MAE_E=7.2426 meV, MAE_F=16.4471 meV / A
2025-07-28 13:28:27.768 INFO: Epoch 240: loss=0.5430, MAE_E=7.2347 meV, MAE_F=16.4461 meV / A
2025-07-28 13:28:30.537 INFO: Epoch 242: loss=0.5429, MAE_E=7.2174 meV, MAE_F=16.4426 meV / A
2025-07-28 13:28:33.321 INFO: Epoch 244: loss=0.5431, MAE_E=7.1874 meV, MAE_F=16.4410 meV / A
2025-07-28 13:28:36.083 INFO: Epoch 246: loss=0.5430, MAE_E=7.1850 meV, MAE_F=16.4371 meV / A
2025-07-28 13:28:38.862 INFO: Epoch 248: loss=0.5430, MAE_E=7.1673 meV, MAE_F=16.4346 meV / A
2025-07-28 13:28:41.640 INFO: Epoch 250: loss=0.5431, MAE_E=7.1549 meV, MAE_F=16.4329 meV / A
2025-07-28 13:28:44.409 INFO: Epoch 252: loss=0.5431, MAE_E=7.1471 meV, MAE_F=16.4302 meV / A
2025-07-28 13:28:47.177 INFO: Epoch 254: loss=0.5430, MAE_E=7.1369 meV, MAE_F=16.4279 meV / A
2025-07-28 13:28:49.964 INFO: Epoch 256: loss=0.5431, MAE_E=7.1244 meV, MAE_F=16.4270 meV / A
2025-07-28 13:28:52.718 INFO: Epoch 258: loss=0.5431, MAE_E=7.1139 meV, MAE_F=16.4245 meV / A
2025-07-28 13:28:55.471 INFO: Epoch 260: loss=0.5430, MAE_E=7.1015 meV, MAE_F=16.4220 meV / A
2025-07-28 13:28:58.239 INFO: Epoch 262: loss=0.5431, MAE_E=7.0954 meV, MAE_F=16.4207 meV / A
2025-07-28 13:29:01.016 INFO: Epoch 264: loss=0.5431, MAE_E=7.0860 meV, MAE_F=16.4187 meV / A
2025-07-28 13:29:03.789 INFO: Epoch 266: loss=0.5430, MAE_E=7.0711 meV, MAE_F=16.4160 meV / A
2025-07-28 13:29:06.565 INFO: Epoch 268: loss=0.5431, MAE_E=7.0649 meV, MAE_F=16.4151 meV / A
2025-07-28 13:29:09.331 INFO: Epoch 270: loss=0.5431, MAE_E=7.0526 meV, MAE_F=16.4138 meV / A
2025-07-28 13:29:12.118 INFO: Epoch 272: loss=0.5431, MAE_E=7.0420 meV, MAE_F=16.4128 meV / A
2025-07-28 13:29:14.888 INFO: Epoch 274: loss=0.5432, MAE_E=7.0383 meV, MAE_F=16.4115 meV / A
2025-07-28 13:29:17.690 INFO: Epoch 276: loss=0.5432, MAE_E=7.0301 meV, MAE_F=16.4100 meV / A
2025-07-28 13:29:20.490 INFO: Epoch 278: loss=0.5431, MAE_E=7.0228 meV, MAE_F=16.4085 meV / A
2025-07-28 13:29:23.269 INFO: Epoch 280: loss=0.5432, MAE_E=7.0127 meV, MAE_F=16.4080 meV / A
2025-07-28 13:29:26.039 INFO: Epoch 282: loss=0.5432, MAE_E=7.0070 meV, MAE_F=16.4070 meV / A
2025-07-28 13:29:28.813 INFO: Epoch 284: loss=0.5433, MAE_E=6.9979 meV, MAE_F=16.4064 meV / A
2025-07-28 13:29:31.596 INFO: Epoch 286: loss=0.5433, MAE_E=6.9900 meV, MAE_F=16.4055 meV / A
2025-07-28 13:29:34.380 INFO: Epoch 288: loss=0.5433, MAE_E=6.9892 meV, MAE_F=16.4051 meV / A
2025-07-28 13:29:37.129 INFO: Epoch 290: loss=0.5433, MAE_E=6.9829 meV, MAE_F=16.4037 meV / A
2025-07-28 13:29:40.518 INFO: Epoch 292: loss=0.5433, MAE_E=6.9797 meV, MAE_F=16.4032 meV / A
2025-07-28 13:29:43.531 INFO: Epoch 294: loss=0.5433, MAE_E=6.9712 meV, MAE_F=16.4031 meV / A
2025-07-28 13:29:46.276 INFO: Epoch 296: loss=0.5434, MAE_E=6.9654 meV, MAE_F=16.4025 meV / A
2025-07-28 13:29:49.067 INFO: Epoch 298: loss=0.5434, MAE_E=6.9639 meV, MAE_F=16.4020 meV / A
2025-07-28 13:29:51.870 INFO: Epoch 300: loss=0.5434, MAE_E=6.9613 meV, MAE_F=16.4017 meV / A
2025-07-28 13:29:54.639 INFO: Epoch 302: loss=0.5434, MAE_E=6.9570 meV, MAE_F=16.4011 meV / A
2025-07-28 13:29:57.435 INFO: Epoch 304: loss=0.5434, MAE_E=6.9545 meV, MAE_F=16.4007 meV / A
2025-07-28 13:30:00.276 INFO: Epoch 306: loss=0.5435, MAE_E=6.9528 meV, MAE_F=16.4004 meV / A
2025-07-28 13:30:03.808 INFO: Epoch 308: loss=0.5435, MAE_E=6.9499 meV, MAE_F=16.4001 meV / A
2025-07-28 13:30:06.582 INFO: Epoch 310: loss=0.5435, MAE_E=6.9465 meV, MAE_F=16.3997 meV / A
2025-07-28 13:30:09.341 INFO: Epoch 312: loss=0.5435, MAE_E=6.9441 meV, MAE_F=16.3994 meV / A
2025-07-28 13:30:12.217 INFO: Epoch 314: loss=0.5435, MAE_E=6.9430 meV, MAE_F=16.3992 meV / A
2025-07-28 13:30:15.008 INFO: Epoch 316: loss=0.5435, MAE_E=6.9396 meV, MAE_F=16.3988 meV / A
2025-07-28 13:30:17.851 INFO: Epoch 318: loss=0.5436, MAE_E=6.9323 meV, MAE_F=16.3989 meV / A
2025-07-28 13:30:20.652 INFO: Epoch 320: loss=0.5436, MAE_E=6.9371 meV, MAE_F=16.3986 meV / A
2025-07-28 13:30:23.746 INFO: Epoch 322: loss=0.5436, MAE_E=6.9346 meV, MAE_F=16.3984 meV / A
2025-07-28 13:30:26.514 INFO: Epoch 324: loss=0.5436, MAE_E=6.9328 meV, MAE_F=16.3978 meV / A
2025-07-28 13:30:29.309 INFO: Epoch 326: loss=0.5436, MAE_E=6.9309 meV, MAE_F=16.3978 meV / A
2025-07-28 13:30:32.092 INFO: Epoch 328: loss=0.5436, MAE_E=6.9288 meV, MAE_F=16.3978 meV / A
2025-07-28 13:30:35.029 INFO: Epoch 330: loss=0.5436, MAE_E=6.9250 meV, MAE_F=16.3975 meV / A
2025-07-28 13:30:37.813 INFO: Epoch 332: loss=0.5436, MAE_E=6.9254 meV, MAE_F=16.3975 meV / A
2025-07-28 13:30:40.583 INFO: Epoch 334: loss=0.5436, MAE_E=6.9232 meV, MAE_F=16.3973 meV / A
2025-07-28 13:30:43.359 INFO: Epoch 336: loss=0.5436, MAE_E=6.9201 meV, MAE_F=16.3970 meV / A
2025-07-28 13:30:46.149 INFO: Epoch 338: loss=0.5436, MAE_E=6.9204 meV, MAE_F=16.3970 meV / A
2025-07-28 13:30:49.086 INFO: Epoch 340: loss=0.5436, MAE_E=6.9220 meV, MAE_F=16.3969 meV / A
2025-07-28 13:30:51.856 INFO: Epoch 342: loss=0.5436, MAE_E=6.9180 meV, MAE_F=16.3967 meV / A
2025-07-28 13:30:54.648 INFO: Epoch 344: loss=0.5437, MAE_E=6.9188 meV, MAE_F=16.3967 meV / A
2025-07-28 13:30:57.416 INFO: Epoch 346: loss=0.5436, MAE_E=6.9162 meV, MAE_F=16.3964 meV / A
2025-07-28 13:31:00.213 INFO: Epoch 348: loss=0.5437, MAE_E=6.9209 meV, MAE_F=16.3963 meV / A
2025-07-28 13:31:02.995 INFO: Epoch 350: loss=0.5437, MAE_E=6.9159 meV, MAE_F=16.3963 meV / A
2025-07-28 13:31:05.799 INFO: Epoch 352: loss=0.5437, MAE_E=6.9161 meV, MAE_F=16.3963 meV / A
2025-07-28 13:31:08.613 INFO: Epoch 354: loss=0.5437, MAE_E=6.9148 meV, MAE_F=16.3961 meV / A
2025-07-28 13:31:11.402 INFO: Epoch 356: loss=0.5437, MAE_E=6.9155 meV, MAE_F=16.3961 meV / A
2025-07-28 13:31:14.182 INFO: Epoch 358: loss=0.5437, MAE_E=6.9143 meV, MAE_F=16.3959 meV / A
2025-07-28 13:31:16.971 INFO: Epoch 360: loss=0.5437, MAE_E=6.9128 meV, MAE_F=16.3959 meV / A
2025-07-28 13:31:19.751 INFO: Epoch 362: loss=0.5437, MAE_E=6.9132 meV, MAE_F=16.3958 meV / A
2025-07-28 13:31:22.525 INFO: Epoch 364: loss=0.5437, MAE_E=6.9115 meV, MAE_F=16.3958 meV / A
2025-07-28 13:31:25.297 INFO: Epoch 366: loss=0.5437, MAE_E=6.9125 meV, MAE_F=16.3958 meV / A
2025-07-28 13:31:28.009 INFO: Epoch 368: loss=0.5437, MAE_E=6.9133 meV, MAE_F=16.3957 meV / A
2025-07-28 13:31:30.769 INFO: Epoch 370: loss=0.5437, MAE_E=6.9108 meV, MAE_F=16.3957 meV / A
2025-07-28 13:31:33.540 INFO: Epoch 372: loss=0.5437, MAE_E=6.9115 meV, MAE_F=16.3956 meV / A
2025-07-28 13:31:36.306 INFO: Epoch 374: loss=0.5437, MAE_E=6.9113 meV, MAE_F=16.3955 meV / A
2025-07-28 13:31:39.105 INFO: Epoch 376: loss=0.5437, MAE_E=6.9111 meV, MAE_F=16.3955 meV / A
2025-07-28 13:31:41.892 INFO: Epoch 378: loss=0.5437, MAE_E=6.9127 meV, MAE_F=16.3955 meV / A
2025-07-28 13:31:44.654 INFO: Epoch 380: loss=0.5437, MAE_E=6.9111 meV, MAE_F=16.3954 meV / A
2025-07-28 13:31:47.437 INFO: Epoch 382: loss=0.5437, MAE_E=6.9097 meV, MAE_F=16.3954 meV / A
2025-07-28 13:31:50.206 INFO: Epoch 384: loss=0.5437, MAE_E=6.9105 meV, MAE_F=16.3954 meV / A
2025-07-28 13:31:52.975 INFO: Epoch 386: loss=0.5437, MAE_E=6.9102 meV, MAE_F=16.3953 meV / A
2025-07-28 13:31:55.733 INFO: Epoch 388: loss=0.5437, MAE_E=6.9097 meV, MAE_F=16.3953 meV / A
2025-07-28 13:31:58.509 INFO: Epoch 390: loss=0.5437, MAE_E=6.9098 meV, MAE_F=16.3952 meV / A
2025-07-28 13:32:01.281 INFO: Epoch 392: loss=0.5437, MAE_E=6.9099 meV, MAE_F=16.3952 meV / A
2025-07-28 13:32:04.038 INFO: Epoch 394: loss=0.5437, MAE_E=6.9095 meV, MAE_F=16.3952 meV / A
2025-07-28 13:32:06.817 INFO: Epoch 396: loss=0.5437, MAE_E=6.9091 meV, MAE_F=16.3952 meV / A
2025-07-28 13:32:09.579 INFO: Epoch 398: loss=0.5437, MAE_E=6.9092 meV, MAE_F=16.3952 meV / A
2025-07-28 13:32:10.742 INFO: Changing loss based on SWA
2025-07-28 13:32:12.348 INFO: Epoch 400: loss=0.0546, MAE_E=6.9075 meV, MAE_F=16.3946 meV / A
2025-07-28 13:32:15.172 INFO: Epoch 402: loss=0.0546, MAE_E=6.9080 meV, MAE_F=16.3953 meV / A
2025-07-28 13:32:17.952 INFO: Epoch 404: loss=0.0546, MAE_E=6.9087 meV, MAE_F=16.3955 meV / A
2025-07-28 13:32:20.723 INFO: Epoch 406: loss=0.0546, MAE_E=6.9061 meV, MAE_F=16.3955 meV / A
2025-07-28 13:32:23.501 INFO: Epoch 408: loss=0.0546, MAE_E=6.9034 meV, MAE_F=16.3953 meV / A
2025-07-28 13:32:26.270 INFO: Epoch 410: loss=0.0546, MAE_E=6.8973 meV, MAE_F=16.3958 meV / A
2025-07-28 13:32:29.037 INFO: Epoch 412: loss=0.0546, MAE_E=6.8958 meV, MAE_F=16.3959 meV / A
2025-07-28 13:32:31.815 INFO: Epoch 414: loss=0.0546, MAE_E=6.8927 meV, MAE_F=16.3958 meV / A
2025-07-28 13:32:34.584 INFO: Epoch 416: loss=0.0546, MAE_E=6.8920 meV, MAE_F=16.3960 meV / A
2025-07-28 13:32:37.358 INFO: Epoch 418: loss=0.0546, MAE_E=6.8936 meV, MAE_F=16.3957 meV / A
2025-07-28 13:32:40.129 INFO: Epoch 420: loss=0.0546, MAE_E=6.8886 meV, MAE_F=16.3958 meV / A
2025-07-28 13:32:42.873 INFO: Epoch 422: loss=0.0546, MAE_E=6.8847 meV, MAE_F=16.3956 meV / A
2025-07-28 13:32:45.642 INFO: Epoch 424: loss=0.0546, MAE_E=6.8854 meV, MAE_F=16.3954 meV / A
2025-07-28 13:32:48.417 INFO: Epoch 426: loss=0.0546, MAE_E=6.8797 meV, MAE_F=16.3953 meV / A
2025-07-28 13:32:51.182 INFO: Epoch 428: loss=0.0546, MAE_E=6.8739 meV, MAE_F=16.3953 meV / A
2025-07-28 13:32:53.962 INFO: Epoch 430: loss=0.0546, MAE_E=6.8684 meV, MAE_F=16.3949 meV / A
2025-07-28 13:32:56.744 INFO: Epoch 432: loss=0.0546, MAE_E=6.8671 meV, MAE_F=16.3945 meV / A
2025-07-28 13:32:59.519 INFO: Epoch 434: loss=0.0546, MAE_E=6.8638 meV, MAE_F=16.3944 meV / A
2025-07-28 13:33:02.283 INFO: Epoch 436: loss=0.0546, MAE_E=6.8607 meV, MAE_F=16.3941 meV / A
2025-07-28 13:33:05.055 INFO: Epoch 438: loss=0.0546, MAE_E=6.8586 meV, MAE_F=16.3939 meV / A
2025-07-28 13:33:07.829 INFO: Epoch 440: loss=0.0546, MAE_E=6.8556 meV, MAE_F=16.3938 meV / A
2025-07-28 13:33:10.599 INFO: Epoch 442: loss=0.0546, MAE_E=6.8500 meV, MAE_F=16.3933 meV / A
2025-07-28 13:33:13.373 INFO: Epoch 444: loss=0.0546, MAE_E=6.8520 meV, MAE_F=16.3933 meV / A
2025-07-28 13:33:16.166 INFO: Epoch 446: loss=0.0546, MAE_E=6.8382 meV, MAE_F=16.3931 meV / A
2025-07-28 13:33:18.946 INFO: Epoch 448: loss=0.0546, MAE_E=6.8380 meV, MAE_F=16.3927 meV / A
2025-07-28 13:33:21.715 INFO: Epoch 450: loss=0.0546, MAE_E=6.8333 meV, MAE_F=16.3923 meV / A
2025-07-28 13:33:24.504 INFO: Epoch 452: loss=0.0546, MAE_E=6.8374 meV, MAE_F=16.3919 meV / A
2025-07-28 13:33:27.282 INFO: Epoch 454: loss=0.0546, MAE_E=6.8359 meV, MAE_F=16.3917 meV / A
2025-07-28 13:33:30.073 INFO: Epoch 456: loss=0.0546, MAE_E=6.8283 meV, MAE_F=16.3912 meV / A
2025-07-28 13:33:32.855 INFO: Epoch 458: loss=0.0546, MAE_E=6.8290 meV, MAE_F=16.3913 meV / A
2025-07-28 13:33:35.644 INFO: Epoch 460: loss=0.0546, MAE_E=6.8193 meV, MAE_F=16.3908 meV / A
2025-07-28 13:33:38.427 INFO: Epoch 462: loss=0.0546, MAE_E=6.8158 meV, MAE_F=16.3907 meV / A
2025-07-28 13:33:41.196 INFO: Epoch 464: loss=0.0546, MAE_E=6.8110 meV, MAE_F=16.3908 meV / A
2025-07-28 13:33:43.972 INFO: Epoch 466: loss=0.0546, MAE_E=6.8119 meV, MAE_F=16.3907 meV / A
2025-07-28 13:33:46.728 INFO: Epoch 468: loss=0.0546, MAE_E=6.8142 meV, MAE_F=16.3904 meV / A
2025-07-28 13:33:49.518 INFO: Epoch 470: loss=0.0546, MAE_E=6.8087 meV, MAE_F=16.3902 meV / A
2025-07-28 13:33:52.288 INFO: Epoch 472: loss=0.0546, MAE_E=6.8070 meV, MAE_F=16.3901 meV / A
2025-07-28 13:33:55.056 INFO: Epoch 474: loss=0.0546, MAE_E=6.8064 meV, MAE_F=16.3901 meV / A
2025-07-28 13:33:57.832 INFO: Epoch 476: loss=0.0546, MAE_E=6.8002 meV, MAE_F=16.3899 meV / A
2025-07-28 13:34:00.660 INFO: Epoch 478: loss=0.0546, MAE_E=6.8022 meV, MAE_F=16.3897 meV / A
2025-07-28 13:34:03.465 INFO: Epoch 480: loss=0.0546, MAE_E=6.8011 meV, MAE_F=16.3894 meV / A
2025-07-28 13:34:06.284 INFO: Epoch 482: loss=0.0546, MAE_E=6.7979 meV, MAE_F=16.3894 meV / A
2025-07-28 13:34:09.115 INFO: Epoch 484: loss=0.0546, MAE_E=6.7990 meV, MAE_F=16.3891 meV / A
2025-07-28 13:34:11.895 INFO: Epoch 486: loss=0.0546, MAE_E=6.7954 meV, MAE_F=16.3888 meV / A
2025-07-28 13:34:14.720 INFO: Epoch 488: loss=0.0546, MAE_E=6.7922 meV, MAE_F=16.3887 meV / A
2025-07-28 13:34:17.547 INFO: Epoch 490: loss=0.0546, MAE_E=6.7885 meV, MAE_F=16.3881 meV / A
2025-07-28 13:34:20.371 INFO: Epoch 492: loss=0.0546, MAE_E=6.7867 meV, MAE_F=16.3879 meV / A
2025-07-28 13:34:23.204 INFO: Epoch 494: loss=0.0546, MAE_E=6.7879 meV, MAE_F=16.3874 meV / A
2025-07-28 13:34:26.040 INFO: Epoch 496: loss=0.0546, MAE_E=6.7808 meV, MAE_F=16.3874 meV / A
2025-07-28 13:34:28.863 INFO: Epoch 498: loss=0.0546, MAE_E=6.7750 meV, MAE_F=16.3872 meV / A
2025-07-28 13:34:30.080 INFO: Training complete
2025-07-28 13:34:30.081 INFO: Computing metrics for training, validation, and test sets
2025-07-28 13:34:30.869 INFO: Loading checkpoint: checkpoints/rmd17-Aspirin_run-123_epoch-242.pt
2025-07-28 13:34:30.954 INFO: Loaded model from epoch 242
2025-07-28 13:34:30.955 INFO: Evaluating train ...
2025-07-28 13:34:31.403 INFO: Evaluating valid ...
2025-07-28 13:34:31.926 INFO: Evaluating Default ...
2025-07-28 13:34:44.731 INFO: 
+-------------+-------------+-----------------+------------------+
| config_type | MAE E / meV | MAE F / meV / A | relative F MAE % |
+-------------+-------------+-----------------+------------------+
|    train    |    4.9240   |      3.2367     |      0.3483      |
|    valid    |    7.1249   |     16.3132     |      1.6826      |
|   Default   |    7.8632   |     16.3554     |      1.7234      |
+-------------+-------------+-----------------+------------------+
2025-07-28 13:34:44.731 INFO: Saving model to checkpoints/rmd17-Aspirin_run-123.model
2025-07-28 13:34:45.154 INFO: Compiling model, saving metadata to rmd17-Aspirin_compiled.model
2025-07-28 13:34:45.328 INFO: Loading checkpoint: checkpoints/rmd17-Aspirin_run-123_epoch-498_swa.pt
2025-07-28 13:34:45.433 INFO: Loaded model from epoch 498
2025-07-28 13:34:45.433 INFO: Evaluating train ...
2025-07-28 13:34:45.984 INFO: Evaluating valid ...
2025-07-28 13:34:46.537 INFO: Evaluating Default ...
2025-07-28 13:34:59.411 INFO: 
+-------------+-------------+-----------------+------------------+
| config_type | MAE E / meV | MAE F / meV / A | relative F MAE % |
+-------------+-------------+-----------------+------------------+
|    train    |    3.8565   |      2.7691     |      0.2980      |
|    valid    |    6.7750   |     16.3872     |      1.6903      |
|   Default   |    7.2104   |     16.4128     |      1.7295      |
+-------------+-------------+-----------------+------------------+
2025-07-28 13:34:59.412 INFO: Saving model to checkpoints/rmd17-Aspirin_run-123_swa.model
2025-07-28 13:34:59.756 INFO: Compiling model, saving metadata rmd17-Aspirin_swa_compiled.model
2025-07-28 13:35:00.094 INFO: Done
